[debug] [2022-01-20T04:19:40.222Z] ----------------------------------------------------------------------
[debug] [2022-01-20T04:19:40.224Z] Command:       C:\Program Files\nodejs\node.exe C:\Users\Marudhu\AppData\Roaming\npm\node_modules\firebase-tools\lib\bin\firebase.js init hosting
[debug] [2022-01-20T04:19:40.225Z] CLI Version:   10.1.1
[debug] [2022-01-20T04:19:40.225Z] Platform:      win32
[debug] [2022-01-20T04:19:40.225Z] Node Version:  v16.13.1
[debug] [2022-01-20T04:19:40.226Z] Time:          Thu Jan 20 2022 09:49:40 GMT+0530 (India Standard Time)
[debug] [2022-01-20T04:19:40.227Z] ----------------------------------------------------------------------
[debug] 
[debug] [2022-01-20T04:19:40.236Z] > command requires scopes: ["email","openid","https://www.googleapis.com/auth/cloudplatformprojects.readonly","https://www.googleapis.com/auth/firebase","https://www.googleapis.com/auth/cloud-platform"]
[debug] [2022-01-20T04:19:40.237Z] > authorizing via signed-in user (angeldeveloper09@gmail.com)
[info] 
     ######## #### ########  ######## ########     ###     ######  ########
     ##        ##  ##     ## ##       ##     ##  ##   ##  ##       ##
     ######    ##  ########  ######   ########  #########  ######  ######
     ##        ##  ##    ##  ##       ##     ## ##     ##       ## ##
     ##       #### ##     ## ######## ########  ##     ##  ######  ########

You're about to initialize a Firebase project in this directory:

  C:\Users\Marudhu\Downloads\Github\Tinder Clone\tinder-clone

[info] 
=== Project Setup
[info] 
[info] First, let's associate this project directory with a Firebase project.
[info] You can create multiple project aliases by running firebase use --add, 
[info] but for now we'll just set up a default project.
[info] 
[debug] [2022-01-20T04:19:50.710Z] > refreshing access token with scopes: []
[debug] [2022-01-20T04:19:50.710Z] >>> HTTP REQUEST POST https://www.googleapis.com/oauth2/v3/token  
 <request body omitted>
[debug] [2022-01-20T04:19:51.590Z] <<< HTTP RESPONSE 200 {"date":"Thu, 20 Jan 2022 04:19:51 GMT","pragma":"no-cache","cache-control":"no-cache, no-store, max-age=0, must-revalidate","expires":"Mon, 01 Jan 1990 00:00:00 GMT","content-type":"application/json; charset=utf-8","vary":"X-Origin, Referer, Origin,Accept-Encoding","server":"scaffolding on HTTPServer2","x-xss-protection":"0","x-frame-options":"SAMEORIGIN","x-content-type-options":"nosniff","alt-svc":"h3=\":443\"; ma=2592000,h3-29=\":443\"; ma=2592000,h3-Q050=\":443\"; ma=2592000,h3-Q046=\":443\"; ma=2592000,h3-Q043=\":443\"; ma=2592000,quic=\":443\"; ma=2592000; v=\"46,43\"","accept-ranges":"none","transfer-encoding":"chunked"}
[debug] [2022-01-20T04:19:51.712Z] >>> [apiv2][query] GET https://firebase.googleapis.com/v1beta1/projects pageSize=100
[debug] [2022-01-20T04:19:53.222Z] <<< [apiv2][status] GET https://firebase.googleapis.com/v1beta1/projects 200
[debug] [2022-01-20T04:19:53.222Z] <<< [apiv2][body] GET https://firebase.googleapis.com/v1beta1/projects [omitted]
[info] i  Using project tinder-cne (tinder-cne) 
[info] 
=== Hosting Setup
[info] 
[info] Your public directory is the folder (relative to your project directory) that
[info] will contain Hosting assets to be uploaded with firebase deploy. If you
[info] have a build process for your assets, use your build's output directory.
[info] 
[debug] [2022-01-20T04:20:02.144Z] >>> [apiv2][query] GET https://www.gstatic.com/firebasejs/releases.json [none]
[debug] [2022-01-20T04:20:02.994Z] <<< [apiv2][status] GET https://www.gstatic.com/firebasejs/releases.json 200
[debug] [2022-01-20T04:20:02.994Z] <<< [apiv2][body] GET https://www.gstatic.com/firebasejs/releases.json {"current":{"version":"9.6.3","browserURL":"https://www.gstatic.com/firebasejs/9.6.3/firebase.js","packageURL":"https://www.gstatic.com/firebasejs/9.6.3/firebase.tgz"},"live":{"version":"9.6","browserURL":"https://www.gstatic.com/firebasejs/live/9.6/firebase.js","packageURL":"https://www.gstatic.com/firebasejs/live/9.6/firebase.tgz"},"components":{"analytics":"https://www.gstatic.com/firebasejs/9.6.3/firebase-analytics.js","app":"https://www.gstatic.com/firebasejs/9.6.3/firebase-app.js","app-check":"https://www.gstatic.com/firebasejs/9.6.3/firebase-app-check.js","auth":"https://www.gstatic.com/firebasejs/9.6.3/firebase-auth.js","auth/cordova":"https://www.gstatic.com/firebasejs/9.6.3/firebase-auth/cordova.js","auth/react-native":"https://www.gstatic.com/firebasejs/9.6.3/firebase-auth/react-native.js","functions":"https://www.gstatic.com/firebasejs/9.6.3/firebase-functions.js","firestore":"https://www.gstatic.com/firebasejs/9.6.3/firebase-firestore.js","firestore/lite":"https://www.gstatic.com/firebasejs/9.6.3/firebase-firestore/lite.js","storage":"https://www.gstatic.com/firebasejs/9.6.3/firebase-storage.js","performance":"https://www.gstatic.com/firebasejs/9.6.3/firebase-performance.js","remote-config":"https://www.gstatic.com/firebasejs/9.6.3/firebase-remote-config.js","messaging":"https://www.gstatic.com/firebasejs/9.6.3/firebase-messaging.js","messaging/sw":"https://www.gstatic.com/firebasejs/9.6.3/firebase-messaging/sw.js","database":"https://www.gstatic.com/firebasejs/9.6.3/firebase-database.js","firestore.memory":"https://www.gstatic.com/firebasejs/9.6.3/firebase-firestore.memory.js"}}
[info] +  Wrote y/index.html 
[info] 
[info] i  Detected a .git folder at C:\Users\Marudhu\Downloads\Github\Tinder Clone\tinder-clone 
[info] i  Authorizing with GitHub to upload your service account to a GitHub repository's secrets store. 
[info] 
[info] Visit this URL on this device to log in:
[info] https://github.com/login/oauth/authorize?client_id=89cf50f02ac6aaed3484&state=435684485&redirect_uri=http%3A%2F%2Flocalhost%3A9005&scope=read%3Auser%20repo%20public_repo
[info] 
[info] Waiting for authentication...
[debug] [2022-01-20T04:20:05.056Z] >>> HTTP REQUEST POST https://github.com/login/oauth/access_token  
 {"client_id":"89cf50f02ac6aaed3484","client_secret":"3330d14abc895d9a74d5f17cd7a00711fa2c5bf0","code":"3a178b9d4333cbd25b4b","redirect_uri":"http://localhost:9005","state":"435684485"}
[debug] [2022-01-20T04:20:06.311Z] <<< HTTP RESPONSE 200 {"server":"GitHub.com","date":"Thu, 20 Jan 2022 04:20:06 GMT","content-type":"application/json; charset=utf-8","transfer-encoding":"chunked","vary":"X-PJAX, X-PJAX-Container, Accept-Encoding, Accept, X-Requested-With","permissions-policy":"interest-cohort=()","etag":"W/\"a2e4d29621a62e9476814b509e70f44f\"","cache-control":"max-age=0, private, must-revalidate","strict-transport-security":"max-age=31536000; includeSubdomains; preload","x-frame-options":"deny","x-content-type-options":"nosniff","x-xss-protection":"0","referrer-policy":"origin-when-cross-origin, strict-origin-when-cross-origin","expect-ct":"max-age=2592000, report-uri=\"https://api.github.com/_private/browser/errors\"","content-security-policy":"default-src 'none'; base-uri 'self'; block-all-mixed-content; child-src github.com/assets-cdn/worker/ gist.github.com/assets-cdn/worker/; connect-src 'self' uploads.github.com objects-origin.githubusercontent.com www.githubstatus.com collector.githubapp.com api.github.com github-cloud.s3.amazonaws.com github-production-repository-file-5c1aeb.s3.amazonaws.com github-production-upload-manifest-file-7fdce7.s3.amazonaws.com github-production-user-asset-6210df.s3.amazonaws.com cdn.optimizely.com logx.optimizely.com/v1/events translator.github.com wss://alive.github.com; font-src github.githubassets.com; form-action 'self' github.com gist.github.com objects-origin.githubusercontent.com; frame-ancestors 'none'; frame-src render.githubusercontent.com viewscreen.githubusercontent.com notebooks.githubusercontent.com; img-src 'self' data: github.githubassets.com identicons.github.com collector.githubapp.com github-cloud.s3.amazonaws.com secured-user-images.githubusercontent.com/ *.githubusercontent.com; manifest-src 'self'; media-src github.com user-images.githubusercontent.com/; script-src github.githubassets.com; style-src 'unsafe-inline' github.githubassets.com; worker-src github.com/assets-cdn/worker/ gist.github.com/assets-cdn/worker/","x-github-request-id":"DF83:2E07:55DEBA:6FF1BB:61E8E2F5"}
[debug] [2022-01-20T04:20:06.322Z] >>> [apiv2][query] GET https://api.github.com/user [none]
[debug] [2022-01-20T04:20:08.236Z] <<< [apiv2][status] GET https://api.github.com/user 200
[debug] [2022-01-20T04:20:08.237Z] <<< [apiv2][body] GET https://api.github.com/user {"login":"AngelMarudhu","id":93287603,"node_id":"U_kgDOBY90sw","avatar_url":"https://avatars.githubusercontent.com/u/93287603?v=4","gravatar_id":"","url":"https://api.github.com/users/AngelMarudhu","html_url":"https://github.com/AngelMarudhu","followers_url":"https://api.github.com/users/AngelMarudhu/followers","following_url":"https://api.github.com/users/AngelMarudhu/following{/other_user}","gists_url":"https://api.github.com/users/AngelMarudhu/gists{/gist_id}","starred_url":"https://api.github.com/users/AngelMarudhu/starred{/owner}{/repo}","subscriptions_url":"https://api.github.com/users/AngelMarudhu/subscriptions","organizations_url":"https://api.github.com/users/AngelMarudhu/orgs","repos_url":"https://api.github.com/users/AngelMarudhu/repos","events_url":"https://api.github.com/users/AngelMarudhu/events{/privacy}","received_events_url":"https://api.github.com/users/AngelMarudhu/received_events","type":"User","site_admin":false,"name":"Marudhu","company":null,"blog":"","location":"Chennai","email":null,"hireable":null,"bio":null,"twitter_username":"MarudhuAngel","public_repos":6,"public_gists":0,"followers":0,"following":0,"created_at":"2021-10-27T19:35:37Z","updated_at":"2022-01-13T15:03:21Z","private_gists":0,"total_private_repos":2,"owned_private_repos":2,"disk_usage":24375,"collaborators":0,"two_factor_authentication":true,"plan":{"name":"free","space":976562499,"collaborators":0,"private_repos":10000}}
[info] 
[info] +  Success! Logged into GitHub as AngelMarudhu 
[info] 
